!SESSION 2013-06-04 09:45:11.840 -----------------------------------------------
eclipse.buildId=unknown
java.version=1.7.0_17
java.vendor=Oracle Corporation
BootLoader constants: OS=linux, ARCH=x86, WS=gtk, NL=en_US
Framework arguments:  -product com.steelejr.e4.examples.fx.product
Command-line arguments:  -product com.steelejr.e4.examples.fx.product -data /home/jroot/git/e4-examples/e4-examples/../runtime-com.steelejr.e4.examples.fx.app.product -dev file:/home/jroot/git/e4-examples/e4-examples/.metadata/.plugins/org.eclipse.pde.core/com.steelejr.e4.examples.fx.app.product/dev.properties -os linux -ws gtk -arch x86 -consoleLog

!ENTRY org.eclipse.equinox.app 4 0 2013-06-04 09:45:13.913
!MESSAGE Exception in Application start method
!STACK 0
java.lang.RuntimeException: Exception in Application start method
	at com.sun.javafx.application.LauncherImpl.launchApplication1(LauncherImpl.java:403)
	at com.sun.javafx.application.LauncherImpl.access$000(LauncherImpl.java:47)
	at com.sun.javafx.application.LauncherImpl$1.run(LauncherImpl.java:115)
	at java.lang.Thread.run(Thread.java:722)
Caused by: org.eclipse.e4.core.di.InjectionException: java.lang.IndexOutOfBoundsException: Index: 0, Size: 0
	at org.eclipse.e4.core.internal.di.MethodRequestor.execute(MethodRequestor.java:63)
	at org.eclipse.e4.core.internal.di.InjectorImpl.inject(InjectorImpl.java:107)
	at org.eclipse.e4.core.internal.di.InjectorImpl.internalMake(InjectorImpl.java:321)
	at org.eclipse.e4.core.internal.di.InjectorImpl.make(InjectorImpl.java:242)
	at org.eclipse.e4.core.contexts.ContextInjectionFactory.make(ContextInjectionFactory.java:161)
	at at.bestsolution.efxclipse.runtime.workbench.renderers.base.BaseRenderer.createWidget(BaseRenderer.java:88)
	at at.bestsolution.efxclipse.runtime.workbench.renderers.base.BaseRenderer.createWidget(BaseRenderer.java:1)
	at at.bestsolution.efxclipse.runtime.workbench.fx.PartRenderingEngine.createWidget(PartRenderingEngine.java:151)
	at at.bestsolution.efxclipse.runtime.workbench.fx.PartRenderingEngine.createGui(PartRenderingEngine.java:114)
	at at.bestsolution.efxclipse.runtime.workbench.fx.PartRenderingEngine.createGui(PartRenderingEngine.java:220)
	at at.bestsolution.efxclipse.runtime.workbench.fx.PartRenderingEngine.run(PartRenderingEngine.java:335)
	at org.eclipse.e4.ui.internal.workbench.E4Workbench.createAndRunUI(E4Workbench.java:86)
	at at.bestsolution.efxclipse.runtime.workbench.fx.E4Application.jfxStart(E4Application.java:114)
	at at.bestsolution.efxclipse.runtime.application.AbstractJFXApplication$JFXApp.start(AbstractJFXApplication.java:46)
	at com.sun.javafx.application.LauncherImpl$5.run(LauncherImpl.java:319)
	at com.sun.javafx.application.PlatformImpl$5.run(PlatformImpl.java:215)
	at com.sun.javafx.application.PlatformImpl$4$1.run(PlatformImpl.java:179)
	at com.sun.javafx.application.PlatformImpl$4$1.run(PlatformImpl.java:176)
	at java.security.AccessController.doPrivileged(Native Method)
	at com.sun.javafx.application.PlatformImpl$4.run(PlatformImpl.java:176)
	at com.sun.glass.ui.InvokeLaterDispatcher$Future.run(InvokeLaterDispatcher.java:76)
	at com.sun.glass.ui.gtk.GtkApplication._runLoop(Native Method)
	at com.sun.glass.ui.gtk.GtkApplication$3$1.run(GtkApplication.java:82)
	... 1 more
Caused by: java.lang.IndexOutOfBoundsException: Index: 0, Size: 0
	at java.util.ArrayList.rangeCheck(ArrayList.java:604)
	at java.util.ArrayList.get(ArrayList.java:382)
	at at.bestsolution.efxclipse.runtime.theme.internal.DefaultThemeManager.getCurrentTheme(DefaultThemeManager.java:146)
	at at.bestsolution.efxclipse.runtime.workbench.renderers.fx.DefWindowRenderer$WWindowImpl.createWidget(DefWindowRenderer.java:346)
	at at.bestsolution.efxclipse.runtime.workbench.renderers.fx.DefWindowRenderer$WWindowImpl.createWidget(DefWindowRenderer.java:1)
	at at.bestsolution.efxclipse.runtime.workbench.renderers.fx.widget.WWidgetImpl.getWidget(WWidgetImpl.java:122)
	at at.bestsolution.efxclipse.runtime.workbench.renderers.fx.DefWindowRenderer$WWindowImpl.setX(DefWindowRenderer.java:443)
	at sun.reflect.NativeMethodAccessorImpl.invoke0(Native Method)
	at sun.reflect.NativeMethodAccessorImpl.invoke(NativeMethodAccessorImpl.java:57)
	at sun.reflect.DelegatingMethodAccessorImpl.invoke(DelegatingMethodAccessorImpl.java:43)
	at java.lang.reflect.Method.invoke(Method.java:601)
	at org.eclipse.e4.core.internal.di.MethodRequestor.execute(MethodRequestor.java:56)
	... 23 more
