!SESSION Tue Jul 09 21:28:15 PDT 2013 ------------------------------------------
!ENTRY org.eclipse.equinox.launcher 4 0 2013-07-09 21:28:15.994
!MESSAGE Could not find extension: at.bestsolution.efxclipse.runtime.osgi
!SESSION 2013-07-09 21:28:15.953 -----------------------------------------------
eclipse.buildId=unknown
java.version=1.7.0_17
java.vendor=Oracle Corporation
BootLoader constants: OS=linux, ARCH=x86, WS=gtk, NL=en_US
Framework arguments:  -product com.steelejr.e4.examples.fx.product
Command-line arguments:  -product com.steelejr.e4.examples.fx.product -data /home/jroot/git/e4-examples/e4-examples/../runtime-com.steelejr.e4.examples.fx.app.product -dev file:/home/jroot/git/e4-examples/e4-examples/.metadata/.plugins/org.eclipse.pde.core/com.steelejr.e4.examples.fx.app.product/dev.properties -os linux -ws gtk -arch x86 -consoleLog

!ENTRY org.eclipse.osgi 4 0 2013-07-09 21:28:16.863
!MESSAGE Bundle at.bestsolution.efxclipse.runtime.osgi not found.

!ENTRY org.eclipse.equinox.app 4 0 2013-07-09 21:28:17.809
!MESSAGE Unresolved compilation problems: 
	The import javafx.application.Application cannot be resolved
	The import javafx.scene.image.Image cannot be resolved
	The import javafx.stage.Stage cannot be resolved
	The type E4Application must implement the inherited abstract method AbstractJFXApplication.jfxStart(IApplicationContext, Application, Stage)
	Application cannot be resolved to a type
	Stage cannot be resolved to a type
	Application cannot be resolved to a type
	Stage cannot be resolved to a type
	Application cannot be resolved to a type
	javafx.application.Platform cannot be resolved to a type
	javafx.application.Platform cannot be resolved to a type
	javafx.application.Platform cannot be resolved to a type
	Image cannot be resolved to a type
	Image cannot be resolved to a type
	Image cannot be resolved to a type
	Image cannot be resolved to a type
	Image cannot be resolved to a type
	Image cannot be resolved to a type
	Image cannot be resolved to a type
	Image cannot be resolved to a type
	Image cannot be resolved to a type
	Image cannot be resolved to a type

!STACK 0
java.lang.Error: Unresolved compilation problems: 
	The import javafx.application.Application cannot be resolved
	The import javafx.scene.image.Image cannot be resolved
	The import javafx.stage.Stage cannot be resolved
	The type E4Application must implement the inherited abstract method AbstractJFXApplication.jfxStart(IApplicationContext, Application, Stage)
	Application cannot be resolved to a type
	Stage cannot be resolved to a type
	Application cannot be resolved to a type
	Stage cannot be resolved to a type
	Application cannot be resolved to a type
	javafx.application.Platform cannot be resolved to a type
	javafx.application.Platform cannot be resolved to a type
	javafx.application.Platform cannot be resolved to a type
	Image cannot be resolved to a type
	Image cannot be resolved to a type
	Image cannot be resolved to a type
	Image cannot be resolved to a type
	Image cannot be resolved to a type
	Image cannot be resolved to a type
	Image cannot be resolved to a type
	Image cannot be resolved to a type
	Image cannot be resolved to a type
	Image cannot be resolved to a type

	at at.bestsolution.efxclipse.runtime.workbench.fx.E4Application.<init>(E4Application.java:31)
	at sun.reflect.NativeConstructorAccessorImpl.newInstance0(Native Method)
	at sun.reflect.NativeConstructorAccessorImpl.newInstance(NativeConstructorAccessorImpl.java:57)
	at sun.reflect.DelegatingConstructorAccessorImpl.newInstance(DelegatingConstructorAccessorImpl.java:45)
	at java.lang.reflect.Constructor.newInstance(Constructor.java:525)
	at java.lang.Class.newInstance0(Class.java:374)
	at java.lang.Class.newInstance(Class.java:327)
	at org.eclipse.core.internal.registry.osgi.RegistryStrategyOSGI.createExecutableExtension(RegistryStrategyOSGI.java:184)
	at org.eclipse.core.internal.registry.ExtensionRegistry.createExecutableExtension(ExtensionRegistry.java:905)
	at org.eclipse.core.internal.registry.ConfigurationElement.createExecutableExtension(ConfigurationElement.java:243)
	at org.eclipse.core.internal.registry.ConfigurationElementHandle.createExecutableExtension(ConfigurationElementHandle.java:55)
	at org.eclipse.equinox.internal.app.EclipseAppHandle.run(EclipseAppHandle.java:191)
	at org.eclipse.equinox.internal.app.AnyThreadAppLauncher.run(AnyThreadAppLauncher.java:26)
	at java.lang.Thread.run(Thread.java:722)
